2024-11-13 22:10:19,269 - __main__ - INFO - 데이터베이스 초기화 중...
2024-11-13 22:10:19,348 - __main__ - INFO - 문서 분석기 초기화 중...
2024-11-13 22:10:19,348 - __main__ - ERROR - 오류 발생: No JVM shared library file (jvm.dll) found. Try setting up the JAVA_HOME environment variable properly.
Traceback (most recent call last):
  File "C:\Users\SEC\ocr_pictures\OCR_Project\legal_analysis_system\main.py", line 28, in main
    analyzer = LegalDocumentAnalyzer()
               ^^^^^^^^^^^^^^^^^^^^^^^
  File "C:\Users\SEC\ocr_pictures\OCR_Project\legal_analysis_system\app\analyzer\document_analyzer.py", line 10, in __init__
    self.nlp = Okt()  # Okt 형태소 분석기 사용
               ^^^^^
  File "C:\Users\SEC\ocr_pictures\OCR_Project\legal_analysis_system\.venv\Lib\site-packages\konlpy\tag\_okt.py", line 51, in __init__
    jvm.init_jvm(jvmpath, max_heap_size)
  File "C:\Users\SEC\ocr_pictures\OCR_Project\legal_analysis_system\.venv\Lib\site-packages\konlpy\jvm.py", line 55, in init_jvm
    jvmpath = jvmpath or jpype.getDefaultJVMPath()
                         ^^^^^^^^^^^^^^^^^^^^^^^^^
  File "C:\Users\SEC\ocr_pictures\OCR_Project\legal_analysis_system\.venv\Lib\site-packages\jpype\_jvmfinder.py", line 74, in getDefaultJVMPath
    return finder.get_jvm_path()
           ^^^^^^^^^^^^^^^^^^^^^
  File "C:\Users\SEC\ocr_pictures\OCR_Project\legal_analysis_system\.venv\Lib\site-packages\jpype\_jvmfinder.py", line 212, in get_jvm_path
    raise JVMNotFoundException("No JVM shared library file ({0}) "
jpype._jvmfinder.JVMNotFoundException: No JVM shared library file (jvm.dll) found. Try setting up the JAVA_HOME environment variable properly.
2024-11-13 22:20:26,109 - __main__ - INFO - 데이터베이스 초기화 중...
2024-11-13 22:20:26,159 - __main__ - INFO - 문서 분석기 초기화 중...
2024-11-13 22:20:26,160 - __main__ - INFO - 문서 분석 시작...
2024-11-13 22:57:26,691 - __main__ - INFO - 데이터베이스 초기화 중...
2024-11-13 22:57:26,764 - __main__ - INFO - 문서 분석기 초기화 중...
2024-11-13 22:57:26,764 - __main__ - INFO - 문서 분석 시작...
